Log file open, 05/22/18 18:33:25
LogWindows: Failed to load 'aqProf.dll' (GetLastError=126)
LogWindows: File 'aqProf.dll' does not exist
LogWindows: Failed to load 'VSPerf140.dll' (GetLastError=126)
LogWindows: File 'VSPerf140.dll' does not exist
LogWindows: Failed to load 'VtuneApi.dll' (GetLastError=126)
LogWindows: File 'VtuneApi.dll' does not exist
LogWindows: Failed to load 'VtuneApi32e.dll' (GetLastError=126)
LogWindows: File 'VtuneApi32e.dll' does not exist
LogInit: Display: Running engine for game: PuzzlePlatformer
LogPlatformFile: Not using cached read wrapper
LogInit: Display: RandInit(-1175265480) SRandInit(-1175265479).
LogInit: Read version file with build ID '3709383'
LogInit: Overriding engine version to CL 3832480, compatible CL 3709383
LogInit: Registered custom module enumerator with build ID '3709383'
LogTaskGraph: Started task graph with 5 named threads and 14 total threads with 3 sets of task threads.
LogStats: Stats thread started at 0.179329
LogD3D11RHI: Aftermath initialized
LogPluginManager: Mounting plugin Paper2D
LogPluginManager: Mounting plugin LightPropagationVolume
LogPluginManager: Mounting plugin CodeLiteSourceCodeAccess
LogPluginManager: Mounting plugin GitSourceControl
LogPluginManager: Mounting plugin KDevelopSourceCodeAccess
LogPluginManager: Mounting plugin NullSourceCodeAccess
LogPluginManager: Mounting plugin PerforceSourceControl
LogPluginManager: Mounting plugin SubversionSourceControl
LogPluginManager: Mounting plugin UObjectPlugin
LogPluginManager: Mounting plugin VisualStudioCodeSourceCodeAccess
LogPluginManager: Mounting plugin VisualStudioSourceCodeAccess
LogPluginManager: Mounting plugin XCodeSourceCodeAccess
LogPluginManager: Mounting plugin AssetManagerEditor
LogPluginManager: Mounting plugin AudioCapture
LogPluginManager: Mounting plugin FacialAnimation
LogPluginManager: Mounting plugin GameplayTagsEditor
LogPluginManager: Mounting plugin MobileLauncherProfileWizard
LogPluginManager: Mounting plugin PluginBrowser
LogPluginManager: Mounting plugin SpeedTreeImporter
LogPluginManager: Mounting plugin AlembicImporter
LogPluginManager: Mounting plugin CharacterAI
LogPluginManager: Mounting plugin HTML5Networking
LogPluginManager: Mounting plugin AndroidMedia
LogPluginManager: Mounting plugin AvfMedia
LogPluginManager: Mounting plugin ImgMedia
LogPluginManager: Mounting plugin MediaCompositing
LogPluginManager: Mounting plugin MediaPlayerEditor
LogPluginManager: Mounting plugin WmfMedia
LogPluginManager: Mounting plugin TcpMessaging
LogPluginManager: Mounting plugin UdpMessaging
LogPluginManager: Mounting plugin ActorSequence
LogPluginManager: Mounting plugin LevelSequenceEditor
LogPluginManager: Mounting plugin MatineeToLevelSequence
LogPluginManager: Mounting plugin OnlineSubsystemGooglePlay
LogPluginManager: Mounting plugin OnlineSubsystemIOS
LogPluginManager: Mounting plugin OnlineSubsystem
LogPluginManager: Mounting plugin OnlineSubsystemNull
LogPluginManager: Mounting plugin OnlineSubsystemUtils
LogPluginManager: Mounting plugin AndroidDeviceProfileSelector
LogPluginManager: Mounting plugin AndroidMoviePlayer
LogPluginManager: Mounting plugin AndroidPermission
LogPluginManager: Mounting plugin AppleARKit
LogPluginManager: Mounting plugin AppleMoviePlayer
LogPluginManager: Mounting plugin ArchVisCharacter
LogPluginManager: Mounting plugin CableComponent
LogPluginManager: Mounting plugin CustomMeshComponent
LogPluginManager: Mounting plugin ExampleDeviceProfileSelector
LogPluginManager: Mounting plugin GoogleCloudMessaging
LogPluginManager: Mounting plugin ImmediatePhysics
LogPluginManager: Mounting plugin IOSDeviceProfileSelector
LogPluginManager: Mounting plugin LinuxDeviceProfileSelector
LogPluginManager: Mounting plugin LocationServicesBPLibrary
LogPluginManager: Mounting plugin MobilePatchingUtils
LogPluginManager: Mounting plugin OculusVR
LogPluginManager: Plugin shader directory ../../../Engine/Plugins/Runtime/Oculus/OculusVR/Shaders found
LogPluginManager: Mapping shader source directory ../../../Engine/Plugins/Runtime/Oculus/OculusVR/Shaders to virtual directory /Plugin/OculusVR
LogPluginManager: Mounting plugin PhysXVehicles
LogPluginManager: Mounting plugin ProceduralMeshComponent
LogPluginManager: Mounting plugin RuntimePhysXCooking
LogPluginManager: Mounting plugin SteamVR
LogPluginManager: Mounting plugin WindowsMoviePlayer
LogModuleManager: Display: Found up-to-date module file ../../../../../_UnrealProjects/Puzzle_Platformer/PuzzlePlatformer/Binaries/Win64/UE4Editor-PuzzlePlatformer-1827.dll (API version 3709383).
LogModuleManager: Display: Found up-to-date module file ../../../Engine/Plugins/2D/Paper2D/Binaries/Win64/UE4Editor-Paper2D.dll (API version 3709383).
LogModuleManager: Display: Found up-to-date module file ../../../Engine/Plugins/2D/Paper2D/Binaries/Win64/UE4Editor-Paper2DEditor.dll (API version 3709383).
LogModuleManager: Display: Found up-to-date module file ../../../Engine/Plugins/2D/Paper2D/Binaries/Win64/UE4Editor-PaperSpriteSheetImporter.dll (API version 3709383).
LogModuleManager: Display: Found up-to-date module file ../../../Engine/Plugins/2D/Paper2D/Binaries/Win64/UE4Editor-PaperTiledImporter.dll (API version 3709383).
LogModuleManager: Display: Found up-to-date module file ../../../Engine/Plugins/2D/Paper2D/Binaries/Win64/UE4Editor-SmartSnapping.dll (API version 3709383).
LogModuleManager: Display: Found up-to-date module file ../../../Engine/Plugins/Blendables/LightPropagationVolume/Binaries/Win64/UE4Editor-LightPropagationVolumeRuntime.dll (API version 3709383).
LogModuleManager: Display: Found up-to-date module file ../../../Engine/Plugins/Blendables/LightPropagationVolume/Binaries/Win64/UE4Editor-LightPropagationVolumeEditor.dll (API version 3709383).
LogModuleManager: Display: Found up-to-date module file ../../../Engine/Plugins/Developer/GitSourceControl/Binaries/Win64/UE4Editor-GitSourceControl.dll (API version 3709383).
LogModuleManager: Display: Found up-to-date module file ../../../Engine/Plugins/Developer/PerforceSourceControl/Binaries/Win64/UE4Editor-PerforceSourceControl.dll (API version 3709383).
LogModuleManager: Display: Found up-to-date module file ../../../Engine/Plugins/Developer/SubversionSourceControl/Binaries/Win64/UE4Editor-SubversionSourceControl.dll (API version 3709383).
LogModuleManager: Display: Found up-to-date module file ../../../Engine/Plugins/Developer/UObjectPlugin/Binaries/Win64/UE4Editor-UObjectPlugin.dll (API version 3709383).
LogModuleManager: Display: Found up-to-date module file ../../../Engine/Plugins/Developer/VisualStudioCodeSourceCodeAccess/Binaries/Win64/UE4Editor-VisualStudioCodeSourceCodeAccess.dll (API version 3709383).
LogModuleManager: Display: Found up-to-date module file ../../../Engine/Plugins/Developer/VisualStudioSourceCodeAccess/Binaries/Win64/UE4Editor-VisualStudioSourceCodeAccess.dll (API version 3709383).
LogModuleManager: Display: Found up-to-date module file ../../../Engine/Plugins/Editor/AssetManagerEditor/Binaries/Win64/UE4Editor-AssetManagerEditor.dll (API version 3709383).
LogModuleManager: Display: Found up-to-date module file ../../../Engine/Plugins/Editor/AudioCapture/Binaries/Win64/UE4Editor-AudioCapture.dll (API version 3709383).
LogModuleManager: Display: Found up-to-date module file ../../../Engine/Plugins/Editor/FacialAnimation/Binaries/Win64/UE4Editor-FacialAnimation.dll (API version 3709383).
LogModuleManager: Display: Found up-to-date module file ../../../Engine/Plugins/Editor/FacialAnimation/Binaries/Win64/UE4Editor-FacialAnimationEditor.dll (API version 3709383).
LogModuleManager: Display: Found up-to-date module file ../../../Engine/Plugins/Editor/GameplayTagsEditor/Binaries/Win64/UE4Editor-GameplayTagsEditor.dll (API version 3709383).
LogModuleManager: Display: Found up-to-date module file ../../../Engine/Plugins/Editor/MobileLauncherProfileWizard/Binaries/Win64/UE4Editor-MobileLauncherProfileWizard.dll (API version 3709383).
LogModuleManager: Display: Found up-to-date module file ../../../Engine/Plugins/Editor/PluginBrowser/Binaries/Win64/UE4Editor-PluginBrowser.dll (API version 3709383).
LogModuleManager: Display: Found up-to-date module file ../../../Engine/Plugins/Editor/SpeedTreeImporter/Binaries/Win64/UE4Editor-SpeedTreeImporter.dll (API version 3709383).
LogModuleManager: Display: Found up-to-date module file ../../../Engine/Plugins/Experimental/AlembicImporter/Binaries/Win64/UE4Editor-AlembicImporter.dll (API version 3709383).
LogModuleManager: Display: Found up-to-date module file ../../../Engine/Plugins/Experimental/AlembicImporter/Binaries/Win64/UE4Editor-AlembicLibrary.dll (API version 3709383).
LogModuleManager: Display: Found up-to-date module file ../../../Engine/Plugins/Experimental/CharacterAI/Binaries/Win64/UE4Editor-CharacterAI.dll (API version 3709383).
LogModuleManager: Display: Found up-to-date module file ../../../Engine/Plugins/Experimental/HTML5Networking/Binaries/Win64/UE4Editor-HTML5Networking.dll (API version 3709383).
LogModuleManager: Display: Found up-to-date module file ../../../Engine/Plugins/Media/AndroidMedia/Binaries/Win64/UE4Editor-AndroidMediaEditor.dll (API version 3709383).
LogModuleManager: Display: Found up-to-date module file ../../../Engine/Plugins/Media/AndroidMedia/Binaries/Win64/UE4Editor-AndroidMediaFactory.dll (API version 3709383).
LogModuleManager: Display: Found up-to-date module file ../../../Engine/Plugins/Media/AvfMedia/Binaries/Win64/UE4Editor-AvfMediaEditor.dll (API version 3709383).
LogModuleManager: Display: Found up-to-date module file ../../../Engine/Plugins/Media/AvfMedia/Binaries/Win64/UE4Editor-AvfMediaFactory.dll (API version 3709383).
LogModuleManager: Display: Found up-to-date module file ../../../Engine/Plugins/Media/AvfMedia/Binaries/Win64/UE4Editor-AvfMediaFactory.dll (API version 3709383).
LogModuleManager: Display: Found up-to-date module file ../../../Engine/Plugins/Media/ImgMedia/Binaries/Win64/UE4Editor-ImgMedia.dll (API version 3709383).
LogModuleManager: Display: Found up-to-date module file ../../../Engine/Plugins/Media/ImgMedia/Binaries/Win64/UE4Editor-ImgMediaEditor.dll (API version 3709383).
LogModuleManager: Display: Found up-to-date module file ../../../Engine/Plugins/Media/ImgMedia/Binaries/Win64/UE4Editor-ImgMediaFactory.dll (API version 3709383).
LogModuleManager: Display: Found up-to-date module file ../../../Engine/Plugins/Media/ImgMedia/Binaries/Win64/UE4Editor-ImgMediaFactory.dll (API version 3709383).
LogModuleManager: Display: Found up-to-date module file ../../../Engine/Plugins/Media/ImgMedia/Binaries/Win64/UE4Editor-OpenExrWrapper.dll (API version 3709383).
LogModuleManager: Display: Found up-to-date module file ../../../Engine/Plugins/Media/MediaCompositing/Binaries/Win64/UE4Editor-MediaCompositing.dll (API version 3709383).
LogModuleManager: Display: Found up-to-date module file ../../../Engine/Plugins/Media/MediaCompositing/Binaries/Win64/UE4Editor-MediaCompositingEditor.dll (API version 3709383).
LogModuleManager: Display: Found up-to-date module file ../../../Engine/Plugins/Media/MediaPlayerEditor/Binaries/Win64/UE4Editor-MediaPlayerEditor.dll (API version 3709383).
LogModuleManager: Display: Found up-to-date module file ../../../Engine/Plugins/Media/WmfMedia/Binaries/Win64/UE4Editor-WmfMedia.dll (API version 3709383).
LogModuleManager: Display: Found up-to-date module file ../../../Engine/Plugins/Media/WmfMedia/Binaries/Win64/UE4Editor-WmfMediaEditor.dll (API version 3709383).
LogModuleManager: Display: Found up-to-date module file ../../../Engine/Plugins/Media/WmfMedia/Binaries/Win64/UE4Editor-WmfMediaFactory.dll (API version 3709383).
LogModuleManager: Display: Found up-to-date module file ../../../Engine/Plugins/Media/WmfMedia/Binaries/Win64/UE4Editor-WmfMediaFactory.dll (API version 3709383).
LogModuleManager: Display: Found up-to-date module file ../../../Engine/Plugins/Messaging/TcpMessaging/Binaries/Win64/UE4Editor-TcpMessaging.dll (API version 3709383).
LogModuleManager: Display: Found up-to-date module file ../../../Engine/Plugins/Messaging/UdpMessaging/Binaries/Win64/UE4Editor-UdpMessaging.dll (API version 3709383).
LogModuleManager: Display: Found up-to-date module file ../../../Engine/Plugins/MovieScene/ActorSequence/Binaries/Win64/UE4Editor-ActorSequence.dll (API version 3709383).
LogModuleManager: Display: Found up-to-date module file ../../../Engine/Plugins/MovieScene/LevelSequenceEditor/Binaries/Win64/UE4Editor-LevelSequenceEditor.dll (API version 3709383).
LogModuleManager: Display: Found up-to-date module file ../../../Engine/Plugins/MovieScene/MatineeToLevelSequence/Binaries/Win64/UE4Editor-MatineeToLevelSequence.dll (API version 3709383).
LogModuleManager: Display: Found up-to-date module file ../../../Engine/Plugins/Online/OnlineSubsystem/Binaries/Win64/UE4Editor-OnlineSubsystem.dll (API version 3709383).
LogModuleManager: Display: Found up-to-date module file ../../../Engine/Plugins/Online/OnlineSubsystemNull/Binaries/Win64/UE4Editor-OnlineSubsystemNull.dll (API version 3709383).
LogModuleManager: Display: Found up-to-date module file ../../../Engine/Plugins/Online/OnlineSubsystemUtils/Binaries/Win64/UE4Editor-OnlineSubsystemUtils.dll (API version 3709383).
LogModuleManager: Display: Found up-to-date module file ../../../Engine/Plugins/Online/OnlineSubsystemUtils/Binaries/Win64/UE4Editor-OnlineBlueprintSupport.dll (API version 3709383).
LogModuleManager: Display: Found up-to-date module file ../../../Engine/Plugins/Runtime/AndroidDeviceProfileSelector/Binaries/Win64/UE4Editor-AndroidDeviceProfileSelector.dll (API version 3709383).
LogModuleManager: Display: Found up-to-date module file ../../../Engine/Plugins/Runtime/AndroidPermission/Binaries/Win64/UE4Editor-AndroidPermission.dll (API version 3709383).
LogModuleManager: Display: Found up-to-date module file ../../../Engine/Plugins/Runtime/AppleARKit/Binaries/Win64/UE4Editor-AppleARKit.dll (API version 3709383).
LogModuleManager: Display: Found up-to-date module file ../../../Engine/Plugins/Runtime/ArchVisCharacter/Binaries/Win64/UE4Editor-ArchVisCharacter.dll (API version 3709383).
LogModuleManager: Display: Found up-to-date module file ../../../Engine/Plugins/Runtime/CableComponent/Binaries/Win64/UE4Editor-CableComponent.dll (API version 3709383).
LogModuleManager: Display: Found up-to-date module file ../../../Engine/Plugins/Runtime/CustomMeshComponent/Binaries/Win64/UE4Editor-CustomMeshComponent.dll (API version 3709383).
LogModuleManager: Display: Found up-to-date module file ../../../Engine/Plugins/Runtime/ExampleDeviceProfileSelector/Binaries/Win64/UE4Editor-ExampleDeviceProfileSelector.dll (API version 3709383).
LogModuleManager: Display: Found up-to-date module file ../../../Engine/Plugins/Runtime/ImmediatePhysics/Binaries/Win64/UE4Editor-ImmediatePhysics.dll (API version 3709383).
LogModuleManager: Display: Found up-to-date module file ../../../Engine/Plugins/Runtime/ImmediatePhysics/Binaries/Win64/UE4Editor-ImmediatePhysicsEditor.dll (API version 3709383).
LogModuleManager: Display: Found up-to-date module file ../../../Engine/Plugins/Runtime/LocationServicesBPLibrary/Binaries/Win64/UE4Editor-LocationServicesBPLibrary.dll (API version 3709383).
LogModuleManager: Display: Found up-to-date module file ../../../Engine/Plugins/Runtime/MobilePatchingUtils/Binaries/Win64/UE4Editor-MobilePatchingUtils.dll (API version 3709383).
LogModuleManager: Display: Found up-to-date module file ../../../Engine/Plugins/Runtime/Oculus/OculusVR/Binaries/Win64/UE4Editor-OculusHMD.dll (API version 3709383).
LogModuleManager: Display: Found up-to-date module file ../../../Engine/Plugins/Runtime/Oculus/OculusVR/Binaries/Win64/UE4Editor-OculusInput.dll (API version 3709383).
LogModuleManager: Display: Found up-to-date module file ../../../Engine/Plugins/Runtime/Oculus/OculusVR/Binaries/Win64/UE4Editor-OculusEditor.dll (API version 3709383).
LogModuleManager: Display: Found up-to-date module file ../../../Engine/Plugins/Runtime/PhysXVehicles/Binaries/Win64/UE4Editor-PhysXVehicles.dll (API version 3709383).
LogModuleManager: Display: Found up-to-date module file ../../../Engine/Plugins/Runtime/PhysXVehicles/Binaries/Win64/UE4Editor-PhysXVehiclesEditor.dll (API version 3709383).
LogModuleManager: Display: Found up-to-date module file ../../../Engine/Plugins/Runtime/ProceduralMeshComponent/Binaries/Win64/UE4Editor-ProceduralMeshComponent.dll (API version 3709383).
LogModuleManager: Display: Found up-to-date module file ../../../Engine/Plugins/Runtime/ProceduralMeshComponent/Binaries/Win64/UE4Editor-ProceduralMeshComponentEditor.dll (API version 3709383).
LogModuleManager: Display: Found up-to-date module file ../../../Engine/Plugins/Runtime/RuntimePhysXCooking/Binaries/Win64/UE4Editor-RuntimePhysXCooking.dll (API version 3709383).
LogModuleManager: Display: Found up-to-date module file ../../../Engine/Plugins/Runtime/Steam/SteamVR/Binaries/Win64/UE4Editor-SteamVR.dll (API version 3709383).
LogModuleManager: Display: Found up-to-date module file ../../../Engine/Plugins/Runtime/Steam/SteamVR/Binaries/Win64/UE4Editor-SteamVRController.dll (API version 3709383).
LogModuleManager: Display: Found up-to-date module file ../../../Engine/Plugins/Runtime/WindowsMoviePlayer/Binaries/Win64/UE4Editor-WindowsMoviePlayer.dll (API version 3709383).
LogInit: Using libcurl 7.47.1
LogInit:  - built for x86_64-pc-win32
LogInit:  - supports SSL with OpenSSL/1.0.2g
LogInit:  - supports HTTP deflate (compression) using libz 1.2.8
LogInit:  - other features:
LogInit:      CURL_VERSION_SSL
LogInit:      CURL_VERSION_LIBZ
LogInit:      CURL_VERSION_IPV6
LogInit:      CURL_VERSION_ASYNCHDNS
LogInit:      CURL_VERSION_LARGEFILE
LogInit:      CURL_VERSION_IDN
LogInit:  CurlRequestOptions (configurable via config and command line):
LogInit:  - bVerifyPeer = false  - Libcurl will NOT verify peer certificate
LogInit:  - bUseHttpProxy = false  - Libcurl will NOT use HTTP proxy
LogInit:  - bDontReuseConnections = false  - Libcurl will reuse connections
LogInit:  - CertBundlePath = nullptr  - Libcurl will use whatever was configured at build time.
LogInit: Build: ++UE4+Release-4.18-CL-3832480
LogInit: Engine Version: 4.18.3-3832480+++UE4+Release-4.18
LogInit: Compatible Engine Version: 4.18.0-3709383+++UE4+Release-4.18
LogInit: Net CL: 3709383
LogDevObjectVersion: Number of dev versions registered: 16
LogDevObjectVersion:   Dev-Blueprints (B0D832E4-1F89-4F0D-ACCF-7EB736FD4AA2): 10
LogDevObjectVersion:   Dev-Build (E1C64328-A22C-4D53-A36C-8E866417BD8C): 0
LogDevObjectVersion:   Dev-Core (375EC13C-06E4-48FB-B500-84F0262A717E): 2
LogDevObjectVersion:   Dev-Editor (E4B068ED-F494-42E9-A231-DA0B2E46BB41): 20
LogDevObjectVersion:   Dev-Framework (CFFC743F-43B0-4480-9391-14DF171D2073): 30
LogDevObjectVersion:   Dev-Mobile (B02B49B5-BB20-44E9-A304-32B752E40360): 0
LogDevObjectVersion:   Dev-Networking (A4E4105C-59A1-49B5-A7C5-40C4547EDFEE): 0
LogDevObjectVersion:   Dev-Online (39C831C9-5AE6-47DC-9A44-9C173E1C8E7C): 0
LogDevObjectVersion:   Dev-Physics (78F01B33-EBEA-4F98-B9B4-84EACCB95AA2): 0
LogDevObjectVersion:   Dev-Platform (6631380F-2D4D-43E0-8009-CF276956A95A): 0
LogDevObjectVersion:   Dev-Rendering (12F88B9F-8875-4AFC-A67C-D90C383ABD29): 20
LogDevObjectVersion:   Dev-Sequencer (7B5AE74C-D270-4C10-A958-57980B212A5A): 4
LogDevObjectVersion:   Dev-VR (D7296918-1DD6-4BDD-9DE2-64A83CC13884): 0
LogDevObjectVersion:   Dev-LoadTimes (C2A15278-BFE7-4AFE-6C17-90FF531DF755): 1
LogDevObjectVersion:   Private-Geometry (6EACA3D4-40EC-4CC1-B786-8BED09428FC5): 1
LogDevObjectVersion:   Dev-AnimPhys (29E575DD-E0A3-4627-9D10-D276232CDCEA): 12
LogInit: Compiled (64-bit): Jan 12 2018 02:04:55
LogInit: Compiled with Visual C++: 19.00.24215.01
LogInit: Build Configuration: Development
LogInit: Branch Name: ++UE4+Release-4.18
LogInit: Command line:  
LogInit: Base directory: D:/UT2016/UE_4.18/Engine/Binaries/Win64/
LogInit: Installed Engine Build: 1
LogInit: Presizing for max 8388607 objects, including 0 objects not considered by GC, pre-allocating 0 bytes for permanent pool.
LogInit: Object subsystem initialized
[2018.05.22-17.33.27:326][  0]LogInit: Selected Device Profile: [Windows]
[2018.05.22-17.33.27:326][  0]LogInit: Applying CVar settings loaded from the selected device profile: [Windows]
[2018.05.22-17.33.27:338][  0]LogInit: Computer: WINDOWS8V1
[2018.05.22-17.33.27:338][  0]LogInit: User: Aaron
[2018.05.22-17.33.27:338][  0]LogInit: CPU Page size=4096, Cores=4
[2018.05.22-17.33.27:338][  0]LogInit: High frequency timer resolution =2.338341 MHz
[2018.05.22-17.33.27:338][  0]LogMemory: Memory total: Physical=15.9GB (16GB approx)
[2018.05.22-17.33.27:338][  0]LogMemory: Platform Memory Stats for Windows
[2018.05.22-17.33.27:338][  0]LogMemory: Process Physical Memory: 272.25 MB used, 272.25 MB peak
[2018.05.22-17.33.27:338][  0]LogMemory: Process Virtual Memory: 270.29 MB used, 270.29 MB peak
[2018.05.22-17.33.27:338][  0]LogMemory: Physical Memory: 11149.14 MB used,  5123.11 MB free, 16272.25 MB total
[2018.05.22-17.33.27:338][  0]LogMemory: Virtual Memory: 624.24 MB used,  5123.11 MB free, 134217728.00 MB total
[2018.05.22-17.33.27:481][  0]LogInit: Using OS detected language (en-GB).
[2018.05.22-17.33.27:481][  0]LogInit: Using OS detected locale (en-GB).
[2018.05.22-17.33.27:486][  0]LogTextLocalizationManager: No specific localization for 'en-GB' exists, so the 'en' localization will be used.
[2018.05.22-17.33.27:976][  0]LogInit: Setting process to per monitor DPI aware
[2018.05.22-17.33.28:436][  0]LogD3D11RHI: D3D11 adapters:
[2018.05.22-17.33.28:470][  0]LogD3D11RHI:    0. 'NVIDIA GeForce GTX 770M' (Feature Level 11_0)
[2018.05.22-17.33.28:470][  0]LogD3D11RHI:       2976/0/8136 MB DedicatedVideo/DedicatedSystem/SharedSystem, Outputs:1, VendorId:0x10de
[2018.05.22-17.33.28:495][  0]LogD3D11RHI:    1. 'NVIDIA GeForce GTX 770M' (Feature Level 11_0)
[2018.05.22-17.33.28:495][  0]LogD3D11RHI:       2976/0/8136 MB DedicatedVideo/DedicatedSystem/SharedSystem, Outputs:0, VendorId:0x10de
[2018.05.22-17.33.28:497][  0]LogD3D11RHI:    2. 'Microsoft Basic Render Driver' (Feature Level 11_0)
[2018.05.22-17.33.28:497][  0]LogD3D11RHI:       2976/0/8136 MB DedicatedVideo/DedicatedSystem/SharedSystem, Outputs:0, VendorId:0x1414
[2018.05.22-17.33.28:497][  0]LogD3D11RHI: Chosen D3D11 Adapter: 0
[2018.05.22-17.33.28:504][  0]LogD3D11RHI: Creating new Direct3DDevice
[2018.05.22-17.33.28:504][  0]LogD3D11RHI:     GPU DeviceId: 0x11e0 (for the marketing name, search the web for "GPU Device Id")
[2018.05.22-17.33.28:504][  0]LogWindows: EnumDisplayDevices:
[2018.05.22-17.33.28:504][  0]LogWindows:    0. 'Intel(R) HD Graphics 4600' (P:1 D:1)
[2018.05.22-17.33.28:504][  0]LogWindows:    1. 'Intel(R) HD Graphics 4600' (P:0 D:0)
[2018.05.22-17.33.28:504][  0]LogWindows:    2. 'Intel(R) HD Graphics 4600' (P:0 D:0)
[2018.05.22-17.33.28:505][  0]LogWindows:    3. 'NVIDIA GeForce GTX 770M' (P:0 D:0)
[2018.05.22-17.33.28:505][  0]LogWindows:    4. 'NVIDIA GeForce GTX 770M' (P:0 D:0)
[2018.05.22-17.33.28:505][  0]LogWindows:    5. 'NVIDIA GeForce GTX 770M' (P:0 D:0)
[2018.05.22-17.33.28:505][  0]LogWindows:    6. 'NVIDIA GeForce GTX 770M' (P:0 D:0)
[2018.05.22-17.33.28:505][  0]LogWindows: DebugString: PrimaryIsNotTheChoosenAdapter PrimaryIsNotTheChoosenAdapter PrimaryIsNotTheChoosenAdapter FoundDriverCount:4 
[2018.05.22-17.33.28:505][  0]LogD3D11RHI:     Adapter Name: NVIDIA GeForce GTX 770M
[2018.05.22-17.33.28:505][  0]LogD3D11RHI:   Driver Version: 375.95 (internal:21.21.13.7595, unified:375.95)
[2018.05.22-17.33.28:505][  0]LogD3D11RHI:      Driver Date: 11-16-2016
[2018.05.22-17.33.28:505][  0]LogRHI: Texture pool is 2083 MB (70% of 2976 MB)
[2018.05.22-17.33.28:529][  0]LogD3D11RHI: Async texture creation enabled
[2018.05.22-17.33.28:549][  0]LogD3D11RHI: GPU Timing Frequency: 1000.000000 (Debug: 2 2)
[2018.05.22-17.33.28:549][  0]LogShaderCompilers: Guid format shader working directory is -19 characters bigger than the processId version (../../../../../_UnrealProjects/Puzzle_Platformer/PuzzlePlatformer/Intermediate/Shaders/WorkingDirectory/6604/).
[2018.05.22-17.33.28:550][  0]LogShaderCompilers: Cleaned the shader compiler working directory 'C:/Users/Aaron/AppData/Local/Temp/UnrealShaderWorkingDir/DDCB86B649958F54ACAD6482520E2DC1/'.
[2018.05.22-17.33.28:550][  0]LogShaderCompilers: Display: Using Local Shader Compiler.
[2018.05.22-17.33.29:806][  0]LogTemp: Display: Loaded TP AllDesktopTargetPlatform
[2018.05.22-17.33.29:848][  0]LogTemp: Display: Loaded TP MacClientTargetPlatform
[2018.05.22-17.33.29:891][  0]LogTemp: Display: Loaded TP MacNoEditorTargetPlatform
[2018.05.22-17.33.29:935][  0]LogTemp: Display: Loaded TP MacServerTargetPlatform
[2018.05.22-17.33.29:985][  0]LogTemp: Display: Loaded TP MacTargetPlatform
[2018.05.22-17.33.30:030][  0]LogTemp: Display: Loaded TP WindowsClientTargetPlatform
[2018.05.22-17.33.30:075][  0]LogTemp: Display: Loaded TP WindowsNoEditorTargetPlatform
[2018.05.22-17.33.30:117][  0]LogTemp: Display: Loaded TP WindowsServerTargetPlatform
[2018.05.22-17.33.30:152][  0]LogTemp: Display: Loaded TP WindowsTargetPlatform
[2018.05.22-17.33.30:195][  0]LogTemp: Display: Loaded TP Android_ASTCTargetPlatform
[2018.05.22-17.33.30:238][  0]LogTemp: Display: Loaded TP Android_ATCTargetPlatform
[2018.05.22-17.33.30:279][  0]LogTemp: Display: Loaded TP Android_DXTTargetPlatform
[2018.05.22-17.33.30:323][  0]LogTemp: Display: Loaded TP Android_ETC1TargetPlatform
[2018.05.22-17.33.30:366][  0]LogTemp: Display: Loaded TP Android_ETC2TargetPlatform
[2018.05.22-17.33.30:451][  0]LogTemp: Display: Loaded TP Android_MultiTargetPlatform
[2018.05.22-17.33.30:451][  0]LogTemp: Display: Loaded TP Android_PVRTCTargetPlatform
[2018.05.22-17.33.30:497][  0]LogTemp: Display: Loaded TP AndroidTargetPlatform
[2018.05.22-17.33.30:528][  0]LogTemp: Display: Loaded TP HTML5TargetPlatform
[2018.05.22-17.33.30:609][  0]LogTemp: Display: Loaded TP IOSTargetPlatform
[2018.05.22-17.33.30:631][  0]LogTemp: Display: Loaded TP TVOSTargetPlatform
[2018.05.22-17.33.30:676][  0]LogTemp: Display: Loaded TP LinuxClientTargetPlatform
[2018.05.22-17.33.30:723][  0]LogTemp: Display: Loaded TP LinuxNoEditorTargetPlatform
[2018.05.22-17.33.30:784][  0]LogTemp: Display: Loaded TP LinuxServerTargetPlatform
[2018.05.22-17.33.30:830][  0]LogTemp: Display: Loaded TP LinuxTargetPlatform
[2018.05.22-17.33.30:831][  0]LogTargetPlatformManager: Display: Building Assets For Windows
[2018.05.22-17.33.31:180][  0]LogDerivedDataCache: Display: Max Cache Size: 512 MB
[2018.05.22-17.33.31:284][  0]LogDerivedDataCache: Loaded boot cache 0.10s 86MB C:/Users/Aaron/AppData/Local/UnrealEngine/4.18/DerivedDataCache/Boot.ddc.
[2018.05.22-17.33.31:284][  0]LogDerivedDataCache: Display: Loaded Boot cache: C:/Users/Aaron/AppData/Local/UnrealEngine/4.18/DerivedDataCache/Boot.ddc
[2018.05.22-17.33.31:284][  0]LogDerivedDataCache: FDerivedDataBackendGraph:  Pak pak cache file ../../../../../_UnrealProjects/Puzzle_Platformer/PuzzlePlatformer/DerivedDataCache/DDC.ddp not found, will not use a pak cache.
[2018.05.22-17.33.31:284][  0]LogDerivedDataCache: Unable to find inner node Pak for hierarchical cache Hierarchy.
[2018.05.22-17.33.31:284][  0]LogDerivedDataCache: FDerivedDataBackendGraph:  CompressedPak pak cache file ../../../../../_UnrealProjects/Puzzle_Platformer/PuzzlePlatformer/DerivedDataCache/Compressed.ddp not found, will not use a pak cache.
[2018.05.22-17.33.31:284][  0]LogDerivedDataCache: Unable to find inner node CompressedPak for hierarchical cache Hierarchy.
[2018.05.22-17.33.31:306][  0]LogDerivedDataCache: Display: Pak cache opened for reading ../../../Engine/DerivedDataCache/Compressed.ddp.
[2018.05.22-17.33.31:319][  0]LogDerivedDataCache: Using Local data cache path C:/Users/Aaron/AppData/Local/UnrealEngine/Common/DerivedDataCache: Writable
[2018.05.22-17.33.31:330][  0]LogMaterial: Verifying Global Shaders for PCD3D_SM5
[2018.05.22-17.33.31:330][  0]LogSlate: Using Freetype 2.6.0
[2018.05.22-17.33.31:332][  0]LogSlate: SlateFontCache - WITH_FREETYPE: 1, WITH_HARFBUZZ: 1
[2018.05.22-17.33.31:332][  0]LogSlate: SlateFontCache - WITH_FREETYPE: 1, WITH_HARFBUZZ: 1
[2018.05.22-17.33.31:766][  0]LogInit: Selected Device Profile: [Windows]
[2018.05.22-17.33.32:089][  0]LogSimplygon: Simplygon DLL not present - disabling.
[2018.05.22-17.33.32:121][  0]LogMeshReduction: Using SimplygonSwarm for distributed automatic mesh merging
[2018.05.22-17.33.32:121][  0]LogMeshReduction: Using QuadricMeshReduction for automatic static mesh reduction
[2018.05.22-17.33.32:121][  0]LogMeshReduction: No automatic skeletal mesh reduction module available
[2018.05.22-17.33.32:121][  0]LogMeshReduction: No automatic mesh merging module available
[2018.05.22-17.33.32:121][  0]LogMeshMerging: No automatic mesh merging module available
[2018.05.22-17.33.32:149][  0]LogNetVersion: PuzzlePlatformer , NetCL: 3709383, EngineNetVer: 2, GameNetVer: 0 (Checksum: 2521452977)
[2018.05.22-17.33.32:305][  0]LogAssetRegistry: FAssetRegistry took 0.0269 seconds to start up
[2018.05.22-17.33.32:808][  0]LogPackageLocalizationCache: Processed 7 localized package path(s) for 2 prioritized culture(s) in 0.048566 seconds
[2018.05.22-17.33.32:814][  0]LogUObjectArray: 35870 objects as part of root set at end of initial load.
[2018.05.22-17.33.32:814][  0]LogUObjectAllocator: 7363696 out of 0 bytes used by permanent object pool.
[2018.05.22-17.33.32:814][  0]LogUObjectArray: CloseDisregardForGC: 0/0 objects in disregard for GC pool
[2018.05.22-17.33.32:848][  0]LogInit: WinSock: version 1.1 (2.2), MaxSocks=32767, MaxUdp=65467
[2018.05.22-17.33.35:900][  0]LogTcpMessaging: Initializing TcpMessaging bridge
[2018.05.22-17.33.35:935][  0]LogUdpMessaging: Initializing bridge on interface 0.0.0.0:0 to multicast group 230.0.0.1:6666.
[2018.05.22-17.33.36:513][  0]LogTemp: Warning: Game Instance Constructor
[2018.05.22-17.33.36:553][  0]LogTemp: Warning: Found class BP_MyPlatformTrigger_C
[2018.05.22-17.33.36:772][  0]LogMaterial: Uniform references updated for custom material expression Custom.
[2018.05.22-17.33.37:190][  0]SourceControl: Source control is disabled
[2018.05.22-17.33.37:190][  0]SourceControl: Source control is disabled
[2018.05.22-17.33.37:241][  0]SourceControl: Source control is disabled
[2018.05.22-17.33.37:286][  0]SourceControl: Source control is disabled
[2018.05.22-17.33.37:999][  0]LogAndroidPermission: UAndroidPermissionCallbackProxy::GetInstance
[2018.05.22-17.33.38:232][  0]LogOcInput: OculusInput pre-init called
[2018.05.22-17.33.38:473][  0]LogEngine: Initializing Engine...
[2018.05.22-17.33.38:478][  0]LogHMD: Failed to initialize OpenVR with code 105
[2018.05.22-17.33.38:786][  0]LogStats: UGameplayTagsManager::ConstructGameplayTagTree: Construct from data asset -  0.000 s
[2018.05.22-17.33.38:786][  0]LogStats: UGameplayTagsManager::ConstructGameplayTagTree: GameplayTagTreeChangedEvent.Broadcast -  0.000 s
[2018.05.22-17.33.38:909][  0]LogAIModule: Creating AISystem for world Untitled
[2018.05.22-17.33.38:919][  0]LogInit: XAudio2 using 'Headset Earphone (HyperX 7.1 Audio)' : 2 channels at 44.1 kHz using 16 bits per sample (channel mask 0x3)
[2018.05.22-17.33.38:928][  0]LogInit: FAudioDevice initialized.
[2018.05.22-17.33.39:140][  0]LogDerivedDataCache: Saved boot cache 0.21s 86MB C:/Users/Aaron/AppData/Local/UnrealEngine/4.18/DerivedDataCache/Boot.ddc.
[2018.05.22-17.33.39:159][  0]LogInit: Texture streaming: Enabled
[2018.05.22-17.33.39:241][  0]LogEngineSessionManager: EngineSessionManager initialized
[2018.05.22-17.33.39:263][  0]LogEngineSessionManager: EngineSessionManager sent abnormal shutdown report. Type=Crashed, SessionId={0E1A4132-499F-0F61-7EF8-9CB7BDF647F9}
[2018.05.22-17.33.39:368][  0]LogInit: Transaction tracking system initialized
[2018.05.22-17.33.39:611][  0]BlueprintLog: New page: Editor Load
[2018.05.22-17.33.40:326][  0]LocalizationService: Localization service is disabled
[2018.05.22-17.33.40:935][  0]LogConsoleResponse: Display: 
[2018.05.22-17.33.41:104][  0]LogCook: Display: Max memory allowance for cook 16384mb min free memory 0mb
[2018.05.22-17.33.41:104][  0]LogCook: Display: Mobile HDR setting 1
[2018.05.22-17.33.41:104][  0]LogGameplayTags: Display: UGameplayTagsManager::DoneAddingNativeTags. DelegateIsBound: 0
[2018.05.22-17.33.42:106][  0]LogFileCache: Scanning file cache for directory 'D:/_UnrealProjects/Puzzle_Platformer/PuzzlePlatformer/Content/' took 0.01s
[2018.05.22-17.33.42:147][  0]SourceControl: Source control is disabled
[2018.05.22-17.33.42:147][  0]Cmd: MAP LOAD FILE="../../../../../_UnrealProjects/Puzzle_Platformer/PuzzlePlatformer/Content/MenuSystems/MainMenuLevel.umap" TEMPLATE=0 SHOWPROGRESS=1 FEATURELEVEL=3
[2018.05.22-17.33.42:148][  0]LightingResults: New page: Lighting Build
[2018.05.22-17.33.42:181][  0]MapCheck: New page: Map Check
[2018.05.22-17.33.42:181][  0]LightingResults: New page: Lighting Build
[2018.05.22-17.33.42:201][  0]LogAIModule: Creating AISystem for world MainMenuLevel
[2018.05.22-17.33.42:202][  0]LogEditorServer: Finished looking for orphan Actors (0.000 secs)
[2018.05.22-17.33.42:212][  0]Cmd: MAP CHECKDEP NOCLEARLOG
[2018.05.22-17.33.42:290][  0]MapCheck: Map check complete: 0 Error(s), 0 Warning(s), took 78.086ms to complete.
[2018.05.22-17.33.42:290][  0]LogFileHelpers: Loading map 'MainMenuLevel' took 0.143
[2018.05.22-17.33.42:431][  0]LogCollectionManager: Loaded 0 collections in 0.000851 seconds
[2018.05.22-17.33.42:521][  0]LogFileCache: Scanning file cache for directory 'D:/_UnrealProjects/Puzzle_Platformer/PuzzlePlatformer/Saved/Collections/' took 0.01s
[2018.05.22-17.33.42:521][  0]LogFileCache: Scanning file cache for directory 'D:/_UnrealProjects/Puzzle_Platformer/PuzzlePlatformer/Content/Developers/Aaron/Collections/' took 0.01s
[2018.05.22-17.33.42:521][  0]LogFileCache: Scanning file cache for directory 'D:/_UnrealProjects/Puzzle_Platformer/PuzzlePlatformer/Content/Collections/' took 0.01s
[2018.05.22-17.33.42:522][  0]LogCollectionManager: Rebuilt the GUID cache for 0 collections in 0.000000 seconds
[2018.05.22-17.33.42:531][  0]LogContentBrowser: Native class hierarchy populated in 0.0092 seconds. Added 2370 classes and 522 folders.
[2018.05.22-17.33.42:579][  0]LogContentBrowser: Native class hierarchy updated for 'WidgetCarousel' in 0.0006 seconds. Added 0 classes and 0 folders.
[2018.05.22-17.33.42:644][  0]LogContentBrowser: Native class hierarchy updated for 'AddContentDialog' in 0.0006 seconds. Added 0 classes and 0 folders.
[2018.05.22-17.33.42:679][  0]LogContentBrowser: Native class hierarchy updated for 'SceneOutliner' in 0.0007 seconds. Added 1 classes and 2 folders.
[2018.05.22-17.33.42:711][  0]LogSlate: Took 0.000624 seconds to synchronously load lazily loaded font '../../../Engine/Content/Slate/Fonts/Roboto-Regular.ttf' (155K)
[2018.05.22-17.33.42:715][  0]LogSlate: Took 0.000291 seconds to synchronously load lazily loaded font '../../../Engine/Content/Slate/Fonts/Roboto-Bold.ttf' (160K)
[2018.05.22-17.33.42:725][  0]LogSlate: Took 0.000923 seconds to synchronously load lazily loaded font '../../../Engine/Content/Editor/Slate/Fonts/FontAwesome.ttf' (139K)
[2018.05.22-17.33.42:725][  0]LogSlate: Took 0.000203 seconds to synchronously load lazily loaded font '../../../Engine/Content/Editor/Slate/Fonts/DroidSansMono.ttf' (77K)
[2018.05.22-17.33.42:869][  0]LogRenderer: Reallocating scene render targets to support 1208x596 Format 10 NumSamples 1 (Frame:1).
[2018.05.22-17.33.43:116][  0]LogContentBrowser: Native class hierarchy updated for 'HierarchicalLODOutliner' in 0.0007 seconds. Added 1 classes and 2 folders.
[2018.05.22-17.33.43:116][  0]LogLoad: (Engine Initialization) Total time: 18.42 seconds
[2018.05.22-17.33.43:116][  0]LogLoad: (Engine Initialization) Total Blueprint compile time: 0.00 seconds
[2018.05.22-17.33.43:116][  0]LogExternalProfiler: No external profilers were discovered.  External profiling features will not be available.
[2018.05.22-17.33.43:476][  0]LogContentStreaming: Texture pool size now 1000 MB
[2018.05.22-17.33.43:799][  1]LogAssetRegistry: Asset discovery search completed in 11.5161 seconds
[2018.05.22-17.33.43:801][  1]LogCollectionManager: Rebuilt the object cache for 0 collections in 0.000000 seconds (found 0 objects)
[2018.05.22-17.33.43:801][  1]LogCollectionManager: Fixed up redirectors for 0 collections in 0.000211 seconds (updated 0 objects)
[2018.05.22-17.34.57:076][274]LogTemp: Repeating last play command: Selected Viewport
[2018.05.22-17.34.57:102][274]LogBlueprintUserMessages: Early PlayInEditor Detection: Level '/Game/MenuSystems/MainMenuLevel.MainMenuLevel:PersistentLevel' has LevelScriptBlueprint '/Game/MenuSystems/MainMenuLevel.MainMenuLevel:PersistentLevel.MainMenuLevel' with GeneratedClass '/Game/MenuSystems/MainMenuLevel.MainMenuLevel_C' with ClassGeneratedBy '/Game/MenuSystems/MainMenuLevel.MainMenuLevel:PersistentLevel.MainMenuLevel'
[2018.05.22-17.34.57:103][274]LogPlayLevel: PlayLevel: No blueprints needed recompiling
[2018.05.22-17.34.57:104][274]PIE: New page: PIE session: MainMenuLevel (22 May 2018 19:34:57)
[2018.05.22-17.34.57:104][274]LogTemp: Warning: Game Instance Constructor
[2018.05.22-17.34.57:104][274]LogTemp: Warning: Found class BP_MyPlatformTrigger_C
[2018.05.22-17.34.57:104][274]LogPlayLevel: Creating play world package: /Game/MenuSystems/UEDPIE_0_MainMenuLevel
[2018.05.22-17.34.57:106][274]LogPlayLevel: PIE: StaticDuplicateObject took: (0.001242s)
[2018.05.22-17.34.57:107][274]LogAIModule: Creating AISystem for world MainMenuLevel
[2018.05.22-17.34.57:107][274]LogPlayLevel: PIE: World Init took: (0.001235s)
[2018.05.22-17.34.57:108][274]LogPlayLevel: PIE: Created PIE world by copying editor world from /Game/MenuSystems/MainMenuLevel.MainMenuLevel to /Game/MenuSystems/UEDPIE_0_MainMenuLevel.MainMenuLevel (0.003143s)
[2018.05.22-17.34.57:118][274]LogTemp: Warning: Game Instance Init
[2018.05.22-17.34.57:118][274]LogTemp: Warning: Found class WBP_MainMenu_C
[2018.05.22-17.34.57:122][274]LogInit: XAudio2 using 'Headset Earphone (HyperX 7.1 Audio)' : 2 channels at 44.1 kHz using 16 bits per sample (channel mask 0x3)
[2018.05.22-17.34.57:127][274]LogInit: FAudioDevice initialized.
[2018.05.22-17.34.57:171][274]LogLoad: Game class is 'PuzzlePlatformerGameMode'
[2018.05.22-17.34.57:173][274]LogWorld: Bringing World /Game/MenuSystems/UEDPIE_0_MainMenuLevel.MainMenuLevel up for play (max tick rate 60) at 2018.05.22-18.34.57
[2018.05.22-17.34.57:174][274]LogWorld: Bringing up level for play took: 0.001135
[2018.05.22-17.34.57:213][274]LogContentBrowser: Native class hierarchy updated for 'MovieSceneCapture' in 0.0007 seconds. Added 11 classes and 0 folders.
[2018.05.22-17.34.57:342][274]PIE: Play in editor start time for /Game/MenuSystems/UEDPIE_0_MainMenuLevel -0.403
[2018.05.22-17.34.57:343][274]LogBlueprintUserMessages: Late PlayInEditor Detection: Level '/Game/MenuSystems/MainMenuLevel.MainMenuLevel:PersistentLevel' has LevelScriptBlueprint '/Game/MenuSystems/MainMenuLevel.MainMenuLevel:PersistentLevel.MainMenuLevel' with GeneratedClass '/Game/MenuSystems/MainMenuLevel.MainMenuLevel_C' with ClassGeneratedBy '/Game/MenuSystems/MainMenuLevel.MainMenuLevel:PersistentLevel.MainMenuLevel'
[2018.05.22-17.34.58:740][329]LogTemp: Warning: I'm gonna host a server!
[2018.05.22-17.35.00:840][455]LogTemp: Warning: I'm gonna host a server!
[2018.05.22-17.35.01:791][505]LogGameMode: ProcessServerTravel: /Game/ThirdPersonCPP/Maps/ThirdPersonExampleMap?listen
[2018.05.22-17.35.01:792][505]LogEngine: Server switch level: /Game/ThirdPersonCPP/Maps/ThirdPersonExampleMap?listen
[2018.05.22-17.35.01:792][505]LogNet: Browse: /Game/ThirdPersonCPP/Maps/ThirdPersonExampleMap?listen
[2018.05.22-17.35.01:810][505]LogLoad: LoadMap: /Game/ThirdPersonCPP/Maps/ThirdPersonExampleMap?listen
[2018.05.22-17.35.03:769][505]LogAIModule: Creating AISystem for world ThirdPersonExampleMap
[2018.05.22-17.35.03:785][505]LogLoad: Game class is 'PuzzlePlatformerGameMode'
[2018.05.22-17.35.03:797][505]LogTemp: Display: ParseSettings for GameNetDriver
[2018.05.22-17.35.03:810][505]LogTemp: Display: ParseSettings for IpNetDriver_0
[2018.05.22-17.35.03:811][505]LogTemp: Display: ParseSettings for GameNetDriver
[2018.05.22-17.35.03:811][505]LogInit: WinSock: Socket queue 131072 / 131072
[2018.05.22-17.35.03:833][505]LogInit: WinSock: I am Windows8v1 (192.168.0.29:0)
[2018.05.22-17.35.03:848][505]PacketHandlerLog: Loaded PacketHandler component: Engine.EngineHandlerComponentFactory (StatelessConnectHandlerComponent)
[2018.05.22-17.35.03:859][505]LogNet: GameNetDriver IpNetDriver_0 IpNetDriver listening on port 7777
[2018.05.22-17.35.04:053][505]LogWorld: Bringing World /Game/ThirdPersonCPP/Maps/UEDPIE_0_ThirdPersonExampleMap.ThirdPersonExampleMap up for play (max tick rate 60) at 2018.05.22-18.35.04
[2018.05.22-17.35.04:125][505]LogWorld: Bringing up level for play took: 0.244793
[2018.05.22-17.35.04:152][505]LogLoad: Took 2.341884 seconds to LoadMap(/Game/ThirdPersonCPP/Maps/ThirdPersonExampleMap)
[2018.05.22-17.35.06:730][641]LogBlueprintUserMessages: Early EndPlayMap Detection: Level '/Game/MenuSystems/MainMenuLevel.MainMenuLevel:PersistentLevel' has LevelScriptBlueprint '/Game/MenuSystems/MainMenuLevel.MainMenuLevel:PersistentLevel.MainMenuLevel' with GeneratedClass '/Game/MenuSystems/MainMenuLevel.MainMenuLevel_C' with ClassGeneratedBy '/Game/MenuSystems/MainMenuLevel.MainMenuLevel:PersistentLevel.MainMenuLevel'
[2018.05.22-17.35.06:810][641]LogBlueprintUserMessages: Late EndPlayMap Detection: Level '/Game/MenuSystems/MainMenuLevel.MainMenuLevel:PersistentLevel' has LevelScriptBlueprint '/Game/MenuSystems/MainMenuLevel.MainMenuLevel:PersistentLevel.MainMenuLevel' with GeneratedClass '/Game/MenuSystems/MainMenuLevel.MainMenuLevel_C' with ClassGeneratedBy '/Game/MenuSystems/MainMenuLevel.MainMenuLevel:PersistentLevel.MainMenuLevel'
[2018.05.22-17.35.06:841][641]LogExit: GameNetDriver None shut down
[2018.05.22-17.35.23:579][752]LogTemp: Repeating last play command: Selected Viewport
[2018.05.22-17.35.23:595][752]LogBlueprintUserMessages: Early PlayInEditor Detection: Level '/Game/MenuSystems/MainMenuLevel.MainMenuLevel:PersistentLevel' has LevelScriptBlueprint '/Game/MenuSystems/MainMenuLevel.MainMenuLevel:PersistentLevel.MainMenuLevel' with GeneratedClass '/Game/MenuSystems/MainMenuLevel.MainMenuLevel_C' with ClassGeneratedBy '/Game/MenuSystems/MainMenuLevel.MainMenuLevel:PersistentLevel.MainMenuLevel'
[2018.05.22-17.35.23:596][752]LogPlayLevel: PlayLevel: No blueprints needed recompiling
[2018.05.22-17.35.23:596][752]PIE: New page: PIE session: MainMenuLevel (22 May 2018 19:35:23)
[2018.05.22-17.35.23:596][752]LogTemp: Warning: Game Instance Constructor
[2018.05.22-17.35.23:596][752]LogTemp: Warning: Found class BP_MyPlatformTrigger_C
[2018.05.22-17.35.23:596][752]LogPlayLevel: Creating play world package: /Game/MenuSystems/UEDPIE_0_MainMenuLevel
[2018.05.22-17.35.23:597][752]LogPlayLevel: PIE: StaticDuplicateObject took: (0.000883s)
[2018.05.22-17.35.23:598][752]LogAIModule: Creating AISystem for world MainMenuLevel
[2018.05.22-17.35.23:598][752]LogPlayLevel: PIE: World Init took: (0.000790s)
[2018.05.22-17.35.23:598][752]LogPlayLevel: PIE: Created PIE world by copying editor world from /Game/MenuSystems/MainMenuLevel.MainMenuLevel to /Game/MenuSystems/UEDPIE_0_MainMenuLevel.MainMenuLevel (0.002178s)
[2018.05.22-17.35.23:608][752]LogTemp: Warning: Game Instance Init
[2018.05.22-17.35.23:608][752]LogTemp: Warning: Found class WBP_MainMenu_C
[2018.05.22-17.35.23:611][752]LogInit: XAudio2 using 'Headset Earphone (HyperX 7.1 Audio)' : 2 channels at 44.1 kHz using 16 bits per sample (channel mask 0x3)
[2018.05.22-17.35.23:615][752]LogInit: FAudioDevice initialized.
[2018.05.22-17.35.23:651][752]LogLoad: Game class is 'PuzzlePlatformerGameMode'
[2018.05.22-17.35.23:652][752]LogWorld: Bringing World /Game/MenuSystems/UEDPIE_0_MainMenuLevel.MainMenuLevel up for play (max tick rate 60) at 2018.05.22-18.35.23
[2018.05.22-17.35.23:652][752]LogWorld: Bringing up level for play took: 0.000735
[2018.05.22-17.35.23:657][752]PIE: Play in editor start time for /Game/MenuSystems/UEDPIE_0_MainMenuLevel -0.088
[2018.05.22-17.35.23:657][752]LogBlueprintUserMessages: Late PlayInEditor Detection: Level '/Game/MenuSystems/MainMenuLevel.MainMenuLevel:PersistentLevel' has LevelScriptBlueprint '/Game/MenuSystems/MainMenuLevel.MainMenuLevel:PersistentLevel.MainMenuLevel' with GeneratedClass '/Game/MenuSystems/MainMenuLevel.MainMenuLevel_C' with ClassGeneratedBy '/Game/MenuSystems/MainMenuLevel.MainMenuLevel:PersistentLevel.MainMenuLevel'
[2018.05.22-17.35.25:175][842]LogTemp: Warning: I'm gonna host a server!
[2018.05.22-17.35.26:277][908]LogGameMode: ProcessServerTravel: /Game/ThirdPersonCPP/Maps/ThirdPersonExampleMap?listen
[2018.05.22-17.35.26:278][908]LogEngine: Server switch level: /Game/ThirdPersonCPP/Maps/ThirdPersonExampleMap?listen
[2018.05.22-17.35.26:278][908]LogNet: Browse: /Game/ThirdPersonCPP/Maps/ThirdPersonExampleMap?listen
[2018.05.22-17.35.26:278][908]LogLoad: LoadMap: /Game/ThirdPersonCPP/Maps/ThirdPersonExampleMap?listen
[2018.05.22-17.35.26:369][908]LogAIModule: Creating AISystem for world ThirdPersonExampleMap
[2018.05.22-17.35.26:370][908]LogLoad: Game class is 'PuzzlePlatformerGameMode'
[2018.05.22-17.35.26:370][908]LogTemp: Display: ParseSettings for GameNetDriver
[2018.05.22-17.35.26:370][908]LogTemp: Display: ParseSettings for IpNetDriver_1
[2018.05.22-17.35.26:370][908]LogTemp: Display: ParseSettings for GameNetDriver
[2018.05.22-17.35.26:371][908]LogInit: WinSock: Socket queue 131072 / 131072
[2018.05.22-17.35.26:371][908]PacketHandlerLog: Loaded PacketHandler component: Engine.EngineHandlerComponentFactory (StatelessConnectHandlerComponent)
[2018.05.22-17.35.26:371][908]LogNet: GameNetDriver IpNetDriver_1 IpNetDriver listening on port 7777
[2018.05.22-17.35.26:374][908]LogWorld: Bringing World /Game/ThirdPersonCPP/Maps/UEDPIE_0_ThirdPersonExampleMap.ThirdPersonExampleMap up for play (max tick rate 60) at 2018.05.22-18.35.26
[2018.05.22-17.35.26:374][908]LogWorld: Bringing up level for play took: 0.002749
[2018.05.22-17.35.26:376][908]LogLoad: Took 0.098063 seconds to LoadMap(/Game/ThirdPersonCPP/Maps/ThirdPersonExampleMap)
[2018.05.22-17.35.27:751][989]LogBlueprintUserMessages: Early EndPlayMap Detection: Level '/Game/MenuSystems/MainMenuLevel.MainMenuLevel:PersistentLevel' has LevelScriptBlueprint '/Game/MenuSystems/MainMenuLevel.MainMenuLevel:PersistentLevel.MainMenuLevel' with GeneratedClass '/Game/MenuSystems/MainMenuLevel.MainMenuLevel_C' with ClassGeneratedBy '/Game/MenuSystems/MainMenuLevel.MainMenuLevel:PersistentLevel.MainMenuLevel'
[2018.05.22-17.35.27:788][989]LogBlueprintUserMessages: Late EndPlayMap Detection: Level '/Game/MenuSystems/MainMenuLevel.MainMenuLevel:PersistentLevel' has LevelScriptBlueprint '/Game/MenuSystems/MainMenuLevel.MainMenuLevel:PersistentLevel.MainMenuLevel' with GeneratedClass '/Game/MenuSystems/MainMenuLevel.MainMenuLevel_C' with ClassGeneratedBy '/Game/MenuSystems/MainMenuLevel.MainMenuLevel:PersistentLevel.MainMenuLevel'
[2018.05.22-17.35.27:799][989]LogExit: GameNetDriver None shut down
[2018.05.22-17.36.00:819][165]LogVSAccessor: Warning: Couldn't access Visual Studio
[2018.05.22-17.36.00:824][165]Candidate modules for hot reload:
[2018.05.22-17.36.00:824][165]  PuzzlePlatformer
[2018.05.22-17.36.00:824][165]Launching UnrealBuildTool... [D:/UT2016/UE_4.18/Engine/Binaries/DotNET/UnrealBuildTool.exe PuzzlePlatformer -ModuleWithSuffix PuzzlePlatformer 6872 Win64 Development -editorrecompile -canskiplink "D:/_UnrealProjects/Puzzle_Platformer/PuzzlePlatformer/PuzzlePlatformer.uproject" ]
[2018.05.22-17.36.00:826][165]Warning: Starting HotReload took  0.0s.
[2018.05.22-17.36.04:050][220]CompilerResultsLog: New page: Compilation - 22 May 2018 19:36:04
[2018.05.22-17.36.04:050][220]CompilerResultsLog: Using 'git status' to determine working set for adaptive non-unity build.
[2018.05.22-17.36.04:051][220]CompilerResultsLog: Compiling game modules for hot reload
[2018.05.22-17.36.04:051][220]CompilerResultsLog: Performing 3 actions (4 in parallel)
[2018.05.22-17.36.04:051][220]CompilerResultsLog: MainMenuSource.cpp
[2018.05.22-17.36.04:051][220]CompilerResultsLog: [2/3] Link UE4Editor-PuzzlePlatformer-6872.dll
[2018.05.22-17.36.04:051][220]CompilerResultsLog: [3/3] Link UE4Editor-PuzzlePlatformer-6872.lib
[2018.05.22-17.36.04:051][220]CompilerResultsLog:    Creating library D:\_UnrealProjects\Puzzle_Platformer\PuzzlePlatformer\Intermediate\Build\Win64\UE4Editor\Development\UE4Editor-PuzzlePlatformer-6872.lib and object D:\_UnrealProjects\Puzzle_Platformer\PuzzlePlatformer\Intermediate\Build\Win64\UE4Editor\Development\UE4Editor-PuzzlePlatformer-6872.exp
[2018.05.22-17.36.04:052][220]CompilerResultsLog:    Creating library D:\_UnrealProjects\Puzzle_Platformer\PuzzlePlatformer\Intermediate\Build\Win64\UE4Editor\Development\UE4Editor-PuzzlePlatformer-6872.suppressed.lib and object D:\_UnrealProjects\Puzzle_Platformer\PuzzlePlatformer\Intermediate\Build\Win64\UE4Editor\Development\UE4Editor-PuzzlePlatformer-6872.suppressed.exp
[2018.05.22-17.36.04:053][220]CompilerResultsLog: Total build time: 2.84 seconds (Local executor: 2.22 seconds)
[2018.05.22-17.36.04:053][220]LogMainFrame: MainFrame: Module compiling took 3.234 seconds
[2018.05.22-17.36.04:130][220]LogTemp: Warning: Game Instance Constructor
[2018.05.22-17.36.04:130][220]LogTemp: Warning: Found class BP_MyPlatformTrigger_C
[2018.05.22-17.36.04:132][220]LogContentBrowser: Native class hierarchy updated for 'PuzzlePlatformer' in 0.0012 seconds. Added 7 classes and 3 folders.
[2018.05.22-17.36.04:135][220]Display: HotReload successful (7 functions remapped  0 scriptstructs remapped)
[2018.05.22-17.36.04:234][220]LogContentBrowser: Native class hierarchy populated in 0.0144 seconds. Added 2372 classes and 526 folders.
[2018.05.22-17.36.04:235][220]Display: HotReload took  3.4s.
[2018.05.22-17.36.09:713][237]LogTemp: Repeating last play command: Selected Viewport
[2018.05.22-17.36.09:727][237]LogBlueprintUserMessages: Early PlayInEditor Detection: Level '/Game/MenuSystems/MainMenuLevel.MainMenuLevel:PersistentLevel' has LevelScriptBlueprint '/Game/MenuSystems/MainMenuLevel.MainMenuLevel:PersistentLevel.MainMenuLevel' with GeneratedClass '/Game/MenuSystems/MainMenuLevel.MainMenuLevel_C' with ClassGeneratedBy '/Game/MenuSystems/MainMenuLevel.MainMenuLevel:PersistentLevel.MainMenuLevel'
[2018.05.22-17.36.09:728][237]LogPlayLevel: PlayLevel: No blueprints needed recompiling
[2018.05.22-17.36.09:728][237]PIE: New page: PIE session: MainMenuLevel (22 May 2018 19:36:09)
[2018.05.22-17.36.09:728][237]LogTemp: Warning: Game Instance Constructor
[2018.05.22-17.36.09:728][237]LogTemp: Warning: Found class BP_MyPlatformTrigger_C
[2018.05.22-17.36.09:728][237]LogPlayLevel: Creating play world package: /Game/MenuSystems/UEDPIE_0_MainMenuLevel
[2018.05.22-17.36.09:730][237]LogPlayLevel: PIE: StaticDuplicateObject took: (0.000899s)
[2018.05.22-17.36.09:730][237]LogAIModule: Creating AISystem for world MainMenuLevel
[2018.05.22-17.36.09:730][237]LogPlayLevel: PIE: World Init took: (0.000796s)
[2018.05.22-17.36.09:731][237]LogPlayLevel: PIE: Created PIE world by copying editor world from /Game/MenuSystems/MainMenuLevel.MainMenuLevel to /Game/MenuSystems/UEDPIE_0_MainMenuLevel.MainMenuLevel (0.002205s)
[2018.05.22-17.36.09:740][237]LogTemp: Warning: Game Instance Init
[2018.05.22-17.36.09:740][237]LogTemp: Warning: Found class WBP_MainMenu_C
[2018.05.22-17.36.09:743][237]LogInit: XAudio2 using 'Headset Earphone (HyperX 7.1 Audio)' : 2 channels at 44.1 kHz using 16 bits per sample (channel mask 0x3)
[2018.05.22-17.36.09:748][237]LogInit: FAudioDevice initialized.
[2018.05.22-17.36.09:783][237]LogLoad: Game class is 'PuzzlePlatformerGameMode'
[2018.05.22-17.36.09:784][237]LogWorld: Bringing World /Game/MenuSystems/UEDPIE_0_MainMenuLevel.MainMenuLevel up for play (max tick rate 60) at 2018.05.22-18.36.09
[2018.05.22-17.36.09:784][237]LogWorld: Bringing up level for play took: 0.000598
[2018.05.22-17.36.09:787][237]PIE: Play in editor start time for /Game/MenuSystems/UEDPIE_0_MainMenuLevel 0.042
[2018.05.22-17.36.09:788][237]LogBlueprintUserMessages: Late PlayInEditor Detection: Level '/Game/MenuSystems/MainMenuLevel.MainMenuLevel:PersistentLevel' has LevelScriptBlueprint '/Game/MenuSystems/MainMenuLevel.MainMenuLevel:PersistentLevel.MainMenuLevel' with GeneratedClass '/Game/MenuSystems/MainMenuLevel.MainMenuLevel_C' with ClassGeneratedBy '/Game/MenuSystems/MainMenuLevel.MainMenuLevel:PersistentLevel.MainMenuLevel'
[2018.05.22-17.36.10:722][293]LogGameMode: ProcessServerTravel: /Game/ThirdPersonCPP/Maps/ThirdPersonExampleMap?listen
[2018.05.22-17.36.10:722][293]LogTemp: Warning: I'm gonna host a server!
[2018.05.22-17.36.10:723][293]LogEngine: Server switch level: /Game/ThirdPersonCPP/Maps/ThirdPersonExampleMap?listen
[2018.05.22-17.36.10:723][293]LogNet: Browse: /Game/ThirdPersonCPP/Maps/ThirdPersonExampleMap?listen
[2018.05.22-17.36.10:723][293]LogLoad: LoadMap: /Game/ThirdPersonCPP/Maps/ThirdPersonExampleMap?listen
[2018.05.22-17.36.10:831][293]LogAIModule: Creating AISystem for world ThirdPersonExampleMap
[2018.05.22-17.36.10:832][293]LogLoad: Game class is 'PuzzlePlatformerGameMode'
[2018.05.22-17.36.10:832][293]LogTemp: Display: ParseSettings for GameNetDriver
[2018.05.22-17.36.10:832][293]LogTemp: Display: ParseSettings for IpNetDriver_2
[2018.05.22-17.36.10:832][293]LogTemp: Display: ParseSettings for GameNetDriver
[2018.05.22-17.36.10:832][293]LogInit: WinSock: Socket queue 131072 / 131072
[2018.05.22-17.36.10:833][293]PacketHandlerLog: Loaded PacketHandler component: Engine.EngineHandlerComponentFactory (StatelessConnectHandlerComponent)
[2018.05.22-17.36.10:833][293]LogNet: GameNetDriver IpNetDriver_2 IpNetDriver listening on port 7777
[2018.05.22-17.36.10:838][293]LogWorld: Bringing World /Game/ThirdPersonCPP/Maps/UEDPIE_0_ThirdPersonExampleMap.ThirdPersonExampleMap up for play (max tick rate 60) at 2018.05.22-18.36.10
[2018.05.22-17.36.10:838][293]LogWorld: Bringing up level for play took: 0.004261
[2018.05.22-17.36.10:841][293]LogLoad: Took 0.116663 seconds to LoadMap(/Game/ThirdPersonCPP/Maps/ThirdPersonExampleMap)
[2018.05.22-17.36.14:056][483]LogBlueprintUserMessages: Early EndPlayMap Detection: Level '/Game/MenuSystems/MainMenuLevel.MainMenuLevel:PersistentLevel' has LevelScriptBlueprint '/Game/MenuSystems/MainMenuLevel.MainMenuLevel:PersistentLevel.MainMenuLevel' with GeneratedClass '/Game/MenuSystems/MainMenuLevel.MainMenuLevel_C' with ClassGeneratedBy '/Game/MenuSystems/MainMenuLevel.MainMenuLevel:PersistentLevel.MainMenuLevel'
[2018.05.22-17.36.14:089][483]LogBlueprintUserMessages: Late EndPlayMap Detection: Level '/Game/MenuSystems/MainMenuLevel.MainMenuLevel:PersistentLevel' has LevelScriptBlueprint '/Game/MenuSystems/MainMenuLevel.MainMenuLevel:PersistentLevel.MainMenuLevel' with GeneratedClass '/Game/MenuSystems/MainMenuLevel.MainMenuLevel_C' with ClassGeneratedBy '/Game/MenuSystems/MainMenuLevel.MainMenuLevel:PersistentLevel.MainMenuLevel'
[2018.05.22-17.36.14:100][483]LogExit: GameNetDriver None shut down
